0 info it worked if it ends with ok
1 verbose cli [ 'C:\\Program Files\\nodejs\\node.exe',
1 verbose cli   'C:\\Program Files\\nodejs\\node_modules\\npm\\bin\\npm-cli.js',
1 verbose cli   'install',
1 verbose cli   '--save',
1 verbose cli   'angular-ui-router@next' ]
2 info using npm@3.10.8
3 info using node@v6.9.1
4 verbose config Skipping project config: C:\Users\KARLO/.npmrc. (matches userconfig)
5 silly loadCurrentTree Starting
6 silly install loadCurrentTree
7 silly install readLocalPackageData
8 silly fetchPackageMetaData angular-ui-router@next
9 silly fetchNamedPackageData angular-ui-router
10 silly mapToRegistry name angular-ui-router
11 silly mapToRegistry using default registry
12 silly mapToRegistry registry https://registry.npmjs.org/
13 silly mapToRegistry data Result {
13 silly mapToRegistry   raw: 'angular-ui-router',
13 silly mapToRegistry   scope: null,
13 silly mapToRegistry   escapedName: 'angular-ui-router',
13 silly mapToRegistry   name: 'angular-ui-router',
13 silly mapToRegistry   rawSpec: '',
13 silly mapToRegistry   spec: 'latest',
13 silly mapToRegistry   type: 'tag' }
14 silly mapToRegistry uri https://registry.npmjs.org/angular-ui-router
15 verbose request uri https://registry.npmjs.org/angular-ui-router
16 verbose request no auth needed
17 info attempt registry request try #1 at 14:05:33
18 verbose request id ff7ed81984dc03ca
19 http request GET https://registry.npmjs.org/angular-ui-router
20 http 200 https://registry.npmjs.org/angular-ui-router
21 verbose headers { server: 'nginx/1.10.1',
21 verbose headers   'content-type': 'application/json',
21 verbose headers   'last-modified': 'Thu, 10 Nov 2016 11:26:49 GMT',
21 verbose headers   etag: 'W/"58245979-c9f0"',
21 verbose headers   'content-encoding': 'gzip',
21 verbose headers   'cache-control': 'max-age=300',
21 verbose headers   'content-length': '7308',
21 verbose headers   'accept-ranges': 'bytes',
21 verbose headers   date: 'Tue, 29 Nov 2016 13:06:12 GMT',
21 verbose headers   via: '1.1 varnish',
21 verbose headers   age: '178',
21 verbose headers   connection: 'keep-alive',
21 verbose headers   'x-served-by': 'cache-fra1237-FRA',
21 verbose headers   'x-cache': 'HIT',
21 verbose headers   'x-cache-hits': '1',
21 verbose headers   'x-timer': 'S1480424772.136788,VS0,VE0',
21 verbose headers   vary: 'Accept-Encoding' }
22 silly get cb [ 200,
22 silly get   { server: 'nginx/1.10.1',
22 silly get     'content-type': 'application/json',
22 silly get     'last-modified': 'Thu, 10 Nov 2016 11:26:49 GMT',
22 silly get     etag: 'W/"58245979-c9f0"',
22 silly get     'content-encoding': 'gzip',
22 silly get     'cache-control': 'max-age=300',
22 silly get     'content-length': '7308',
22 silly get     'accept-ranges': 'bytes',
22 silly get     date: 'Tue, 29 Nov 2016 13:06:12 GMT',
22 silly get     via: '1.1 varnish',
22 silly get     age: '178',
22 silly get     connection: 'keep-alive',
22 silly get     'x-served-by': 'cache-fra1237-FRA',
22 silly get     'x-cache': 'HIT',
22 silly get     'x-cache-hits': '1',
22 silly get     'x-timer': 'S1480424772.136788,VS0,VE0',
22 silly get     vary: 'Accept-Encoding' } ]
23 verbose get saving angular-ui-router to C:\Users\KARLO\AppData\Roaming\npm-cache\registry.npmjs.org\angular-ui-router\.cache.json
24 verbose correctMkdir C:\Users\KARLO\AppData\Roaming\npm-cache correctMkdir not in flight; initializing
25 silly install normalizeTree
26 silly loadCurrentTree Finishing
27 silly loadIdealTree Starting
28 silly install loadIdealTree
29 silly cloneCurrentTree Starting
30 silly install cloneCurrentTreeToIdealTree
31 silly cloneCurrentTree Finishing
32 silly loadShrinkwrap Starting
33 silly install loadShrinkwrap
34 silly loadShrinkwrap Finishing
35 silly loadAllDepsIntoIdealTree Starting
36 silly install loadAllDepsIntoIdealTree
37 silly resolveWithNewModule angular-ui-router@1.0.0-beta.3 checking installable status
38 silly cache add args [ 'angular-ui-router@next', null ]
39 verbose cache add spec angular-ui-router@next
40 silly cache add parsed spec Result {
40 silly cache add   raw: 'angular-ui-router@next',
40 silly cache add   scope: null,
40 silly cache add   escapedName: 'angular-ui-router',
40 silly cache add   name: 'angular-ui-router',
40 silly cache add   rawSpec: 'next',
40 silly cache add   spec: 'next',
40 silly cache add   type: 'tag' }
41 silly addNamed angular-ui-router@next
42 verbose addNamed "next" is being treated as a dist-tag for angular-ui-router
43 info addNameTag [ 'angular-ui-router', 'next' ]
44 silly mapToRegistry name angular-ui-router
45 silly mapToRegistry using default registry
46 silly mapToRegistry registry https://registry.npmjs.org/
47 silly mapToRegistry data Result {
47 silly mapToRegistry   raw: 'angular-ui-router',
47 silly mapToRegistry   scope: null,
47 silly mapToRegistry   escapedName: 'angular-ui-router',
47 silly mapToRegistry   name: 'angular-ui-router',
47 silly mapToRegistry   rawSpec: '',
47 silly mapToRegistry   spec: 'latest',
47 silly mapToRegistry   type: 'tag' }
48 silly mapToRegistry uri https://registry.npmjs.org/angular-ui-router
49 verbose addNameTag registry:https://registry.npmjs.org/angular-ui-router not in flight; fetching
50 verbose get https://registry.npmjs.org/angular-ui-router not expired, no request
51 silly addNameTag next cb for angular-ui-router with tag next
52 silly addNamed angular-ui-router@1.0.0-beta.3
53 verbose addNamed "1.0.0-beta.3" is a plain semver version for angular-ui-router
54 silly mapToRegistry name angular-ui-router
55 silly mapToRegistry using default registry
56 silly mapToRegistry registry https://registry.npmjs.org/
57 silly mapToRegistry data Result {
57 silly mapToRegistry   raw: 'angular-ui-router',
57 silly mapToRegistry   scope: null,
57 silly mapToRegistry   escapedName: 'angular-ui-router',
57 silly mapToRegistry   name: 'angular-ui-router',
57 silly mapToRegistry   rawSpec: '',
57 silly mapToRegistry   spec: 'latest',
57 silly mapToRegistry   type: 'tag' }
58 silly mapToRegistry uri https://registry.npmjs.org/angular-ui-router
59 verbose addRemoteTarball https://registry.npmjs.org/angular-ui-router/-/angular-ui-router-1.0.0-beta.3.tgz not in flight; adding
60 verbose addRemoteTarball [ 'https://registry.npmjs.org/angular-ui-router/-/angular-ui-router-1.0.0-beta.3.tgz',
60 verbose addRemoteTarball   '18d5b4af4662cdc282d1e1d7df29cb7085df9d28' ]
61 info retry fetch attempt 1 at 14:05:33
62 info attempt registry request try #1 at 14:05:33
63 http fetch GET https://registry.npmjs.org/angular-ui-router/-/angular-ui-router-1.0.0-beta.3.tgz
64 http fetch 200 https://registry.npmjs.org/angular-ui-router/-/angular-ui-router-1.0.0-beta.3.tgz
65 silly fetchAndShaCheck shasum 18d5b4af4662cdc282d1e1d7df29cb7085df9d28
66 verbose addTmpTarball C:\Users\KARLO\AppData\Local\Temp\npm-4424-3cd4fb91\registry.npmjs.org\angular-ui-router\-\angular-ui-router-1.0.0-beta.3.tgz not in flight; adding
67 verbose addTmpTarball already have metadata; skipping unpack for angular-ui-router@1.0.0-beta.3
68 verbose correctMkdir C:\Users\KARLO\AppData\Roaming\npm-cache correctMkdir not in flight; initializing
69 silly cache afterAdd angular-ui-router@1.0.0-beta.3
70 verbose afterAdd C:\Users\KARLO\AppData\Roaming\npm-cache\angular-ui-router\1.0.0-beta.3\package\package.json not in flight; writing
71 verbose correctMkdir C:\Users\KARLO\AppData\Roaming\npm-cache correctMkdir not in flight; initializing
72 verbose afterAdd C:\Users\KARLO\AppData\Roaming\npm-cache\angular-ui-router\1.0.0-beta.3\package\package.json written
73 silly loadAllDepsIntoIdealTree Finishing
74 silly loadIdealTree Finishing
75 silly currentTree KARLO
75 silly currentTree +-- angular-route@1.4.8
75 silly currentTree `-- bootstrap@3.3.7
76 silly idealTree KARLO
76 silly idealTree +-- angular-route@1.4.8
76 silly idealTree +-- angular-ui-router@1.0.0-beta.3
76 silly idealTree `-- bootstrap@3.3.7
77 silly generateActionsToTake Starting
78 silly install generateActionsToTake
79 silly generateActionsToTake Finishing
80 silly diffTrees action count 1
81 silly diffTrees add angular-ui-router@1.0.0-beta.3
82 silly decomposeActions action count 8
83 silly decomposeActions fetch angular-ui-router@1.0.0-beta.3
84 silly decomposeActions extract angular-ui-router@1.0.0-beta.3
85 silly decomposeActions test angular-ui-router@1.0.0-beta.3
86 silly decomposeActions preinstall angular-ui-router@1.0.0-beta.3
87 silly decomposeActions build angular-ui-router@1.0.0-beta.3
88 silly decomposeActions install angular-ui-router@1.0.0-beta.3
89 silly decomposeActions postinstall angular-ui-router@1.0.0-beta.3
90 silly decomposeActions finalize angular-ui-router@1.0.0-beta.3
91 silly runTopLevelLifecycles Starting
92 silly executeActions Starting
93 silly install executeActions
94 silly doSerial global-install 0
95 silly doParallel fetch 1
96 verbose correctMkdir C:\Users\KARLO\AppData\Roaming\npm-cache\_locks correctMkdir not in flight; initializing
97 verbose lock using C:\Users\KARLO\AppData\Roaming\npm-cache\_locks\staging-f3e524e210049ee9.lock for C:\Users\KARLO\node_modules\.staging
98 silly doParallel extract 1
99 silly extract angular-ui-router@1.0.0-beta.3
100 verbose unbuild node_modules\.staging\angular-ui-router-91b35a47
101 silly gentlyRm C:\Users\KARLO\node_modules\.staging\angular-ui-router-91b35a47 is being purged from base C:\Users\KARLO
102 verbose gentlyRm don't care about contents; nuking C:\Users\KARLO\node_modules\.staging\angular-ui-router-91b35a47
103 verbose tar unpack C:\Users\KARLO\AppData\Roaming\npm-cache\angular-ui-router\1.0.0-beta.3\package.tgz
104 verbose tar unpacking to C:\Users\KARLO\node_modules\.staging\angular-ui-router-91b35a47
105 silly gentlyRm C:\Users\KARLO\node_modules\.staging\angular-ui-router-91b35a47 is being purged
106 verbose gentlyRm don't care about contents; nuking C:\Users\KARLO\node_modules\.staging\angular-ui-router-91b35a47
107 silly gunzTarPerm modes [ '777', '666' ]
108 silly gunzTarPerm extractEntry package.json
109 silly gunzTarPerm modified mode [ 'package.json', 420, 438 ]
110 silly gunzTarPerm extractEntry README.md
111 silly gunzTarPerm modified mode [ 'README.md', 420, 438 ]
112 silly gunzTarPerm extractEntry LICENSE
113 silly gunzTarPerm modified mode [ 'LICENSE', 420, 438 ]
114 silly gunzTarPerm extractEntry CHANGELOG.md
115 silly gunzTarPerm modified mode [ 'CHANGELOG.md', 420, 438 ]
116 silly gunzTarPerm extractEntry CONTRIBUTING.md
117 silly gunzTarPerm modified mode [ 'CONTRIBUTING.md', 420, 438 ]
118 silly gunzTarPerm extractEntry commonjs/core.js
119 silly gunzTarPerm modified mode [ 'commonjs/core.js', 420, 438 ]
120 silly gunzTarPerm extractEntry commonjs/globals.js
121 silly gunzTarPerm modified mode [ 'commonjs/globals.js', 420, 438 ]
122 silly gunzTarPerm extractEntry commonjs/ng1.js
123 silly gunzTarPerm modified mode [ 'commonjs/ng1.js', 420, 438 ]
124 silly gunzTarPerm extractEntry commonjs/router.js
125 silly gunzTarPerm modified mode [ 'commonjs/router.js', 420, 438 ]
126 silly gunzTarPerm extractEntry commonjs/ng1.js.map
127 silly gunzTarPerm modified mode [ 'commonjs/ng1.js.map', 420, 438 ]
128 silly gunzTarPerm extractEntry commonjs/common/trace.js
129 silly gunzTarPerm modified mode [ 'commonjs/common/trace.js', 420, 438 ]
130 silly gunzTarPerm extractEntry commonjs/common/glob.js
131 silly gunzTarPerm modified mode [ 'commonjs/common/glob.js', 420, 438 ]
132 silly gunzTarPerm extractEntry commonjs/common/hof.js
133 silly gunzTarPerm modified mode [ 'commonjs/common/hof.js', 420, 438 ]
134 silly gunzTarPerm extractEntry commonjs/common/interface.js
135 silly gunzTarPerm modified mode [ 'commonjs/common/interface.js', 420, 438 ]
136 silly gunzTarPerm extractEntry commonjs/common/coreservices.js
137 silly gunzTarPerm modified mode [ 'commonjs/common/coreservices.js', 420, 438 ]
138 silly gunzTarPerm extractEntry commonjs/common/module.js
139 silly gunzTarPerm modified mode [ 'commonjs/common/module.js', 420, 438 ]
140 silly gunzTarPerm extractEntry commonjs/common/predicates.js
141 silly gunzTarPerm modified mode [ 'commonjs/common/predicates.js', 420, 438 ]
142 silly gunzTarPerm extractEntry commonjs/common/queue.js
143 silly gunzTarPerm modified mode [ 'commonjs/common/queue.js', 420, 438 ]
144 silly gunzTarPerm extractEntry commonjs/common/strings.js
145 silly gunzTarPerm modified mode [ 'commonjs/common/strings.js', 420, 438 ]
146 silly gunzTarPerm extractEntry commonjs/common/common.js
147 silly gunzTarPerm modified mode [ 'commonjs/common/common.js', 420, 438 ]
148 silly gunzTarPerm extractEntry commonjs/common/module.d.ts
149 silly gunzTarPerm modified mode [ 'commonjs/common/module.d.ts', 420, 438 ]
150 silly gunzTarPerm extractEntry commonjs/common/hof.js.map
151 silly gunzTarPerm modified mode [ 'commonjs/common/hof.js.map', 420, 438 ]
152 silly gunzTarPerm extractEntry commonjs/common/interface.d.ts
153 silly gunzTarPerm modified mode [ 'commonjs/common/interface.d.ts', 420, 438 ]
154 silly gunzTarPerm extractEntry commonjs/common/common.d.ts
155 silly gunzTarPerm modified mode [ 'commonjs/common/common.d.ts', 420, 438 ]
156 silly gunzTarPerm extractEntry commonjs/common/interface.js.map
157 silly gunzTarPerm modified mode [ 'commonjs/common/interface.js.map', 420, 438 ]
158 silly gunzTarPerm extractEntry commonjs/common/coreservices.js.map
159 silly gunzTarPerm modified mode [ 'commonjs/common/coreservices.js.map', 420, 438 ]
160 silly gunzTarPerm extractEntry commonjs/common/glob.d.ts
161 silly gunzTarPerm modified mode [ 'commonjs/common/glob.d.ts', 420, 438 ]
162 silly gunzTarPerm extractEntry commonjs/common/module.js.map
163 silly gunzTarPerm modified mode [ 'commonjs/common/module.js.map', 420, 438 ]
164 silly gunzTarPerm extractEntry commonjs/common/predicates.d.ts
165 silly gunzTarPerm modified mode [ 'commonjs/common/predicates.d.ts', 420, 438 ]
166 silly gunzTarPerm extractEntry commonjs/common/common.js.map
167 silly gunzTarPerm modified mode [ 'commonjs/common/common.js.map', 420, 438 ]
168 silly gunzTarPerm extractEntry commonjs/common/predicates.js.map
169 silly gunzTarPerm modified mode [ 'commonjs/common/predicates.js.map', 420, 438 ]
170 silly gunzTarPerm extractEntry commonjs/common/queue.d.ts
171 silly gunzTarPerm modified mode [ 'commonjs/common/queue.d.ts', 420, 438 ]
172 silly gunzTarPerm extractEntry commonjs/common/glob.js.map
173 silly gunzTarPerm modified mode [ 'commonjs/common/glob.js.map', 420, 438 ]
174 silly gunzTarPerm extractEntry commonjs/common/queue.js.map
175 silly gunzTarPerm modified mode [ 'commonjs/common/queue.js.map', 420, 438 ]
176 silly gunzTarPerm extractEntry commonjs/common/strings.d.ts
177 silly gunzTarPerm modified mode [ 'commonjs/common/strings.d.ts', 420, 438 ]
178 silly gunzTarPerm extractEntry commonjs/common/hof.d.ts
179 silly gunzTarPerm modified mode [ 'commonjs/common/hof.d.ts', 420, 438 ]
180 silly gunzTarPerm extractEntry commonjs/common/strings.js.map
181 silly gunzTarPerm modified mode [ 'commonjs/common/strings.js.map', 420, 438 ]
182 silly gunzTarPerm extractEntry commonjs/common/trace.d.ts
183 silly gunzTarPerm modified mode [ 'commonjs/common/trace.d.ts', 420, 438 ]
184 silly gunzTarPerm extractEntry commonjs/common/coreservices.d.ts
185 silly gunzTarPerm modified mode [ 'commonjs/common/coreservices.d.ts', 420, 438 ]
186 silly gunzTarPerm extractEntry commonjs/common/trace.js.map
187 silly gunzTarPerm modified mode [ 'commonjs/common/trace.js.map', 420, 438 ]
188 silly gunzTarPerm extractEntry commonjs/globals.js.map
189 silly gunzTarPerm modified mode [ 'commonjs/globals.js.map', 420, 438 ]
190 silly gunzTarPerm extractEntry commonjs/hooks/onEnterExitRetain.js
191 silly gunzTarPerm modified mode [ 'commonjs/hooks/onEnterExitRetain.js', 420, 438 ]
192 silly gunzTarPerm extractEntry commonjs/hooks/redirectTo.js
193 silly gunzTarPerm modified mode [ 'commonjs/hooks/redirectTo.js', 420, 438 ]
194 silly gunzTarPerm extractEntry commonjs/hooks/lazyLoadStates.js
195 silly gunzTarPerm modified mode [ 'commonjs/hooks/lazyLoadStates.js', 420, 438 ]
196 silly gunzTarPerm extractEntry commonjs/hooks/resolve.js
197 silly gunzTarPerm modified mode [ 'commonjs/hooks/resolve.js', 420, 438 ]
198 silly gunzTarPerm extractEntry commonjs/hooks/url.js
199 silly gunzTarPerm modified mode [ 'commonjs/hooks/url.js', 420, 438 ]
200 silly gunzTarPerm extractEntry commonjs/hooks/views.js
201 silly gunzTarPerm modified mode [ 'commonjs/hooks/views.js', 420, 438 ]
202 silly gunzTarPerm extractEntry commonjs/hooks/resolve.d.ts
203 silly gunzTarPerm modified mode [ 'commonjs/hooks/resolve.d.ts', 420, 438 ]
204 silly gunzTarPerm extractEntry commonjs/hooks/lazyLoadStates.js.map
205 silly gunzTarPerm modified mode [ 'commonjs/hooks/lazyLoadStates.js.map', 420, 438 ]
206 silly gunzTarPerm extractEntry commonjs/hooks/redirectTo.js.map
207 silly gunzTarPerm modified mode [ 'commonjs/hooks/redirectTo.js.map', 420, 438 ]
208 silly gunzTarPerm extractEntry commonjs/hooks/onEnterExitRetain.d.ts
209 silly gunzTarPerm modified mode [ 'commonjs/hooks/onEnterExitRetain.d.ts', 420, 438 ]
210 silly gunzTarPerm extractEntry commonjs/hooks/lazyLoadStates.d.ts
211 silly gunzTarPerm modified mode [ 'commonjs/hooks/lazyLoadStates.d.ts', 420, 438 ]
212 silly gunzTarPerm extractEntry commonjs/hooks/resolve.js.map
213 silly gunzTarPerm modified mode [ 'commonjs/hooks/resolve.js.map', 420, 438 ]
214 silly gunzTarPerm extractEntry commonjs/hooks/url.d.ts
215 silly gunzTarPerm modified mode [ 'commonjs/hooks/url.d.ts', 420, 438 ]
216 silly gunzTarPerm extractEntry commonjs/hooks/onEnterExitRetain.js.map
217 silly gunzTarPerm modified mode [ 'commonjs/hooks/onEnterExitRetain.js.map', 420, 438 ]
218 silly gunzTarPerm extractEntry commonjs/hooks/url.js.map
219 silly gunzTarPerm modified mode [ 'commonjs/hooks/url.js.map', 420, 438 ]
220 silly gunzTarPerm extractEntry commonjs/hooks/views.d.ts
221 silly gunzTarPerm modified mode [ 'commonjs/hooks/views.d.ts', 420, 438 ]
222 silly gunzTarPerm extractEntry commonjs/hooks/redirectTo.d.ts
223 silly gunzTarPerm modified mode [ 'commonjs/hooks/redirectTo.d.ts', 420, 438 ]
224 silly gunzTarPerm extractEntry commonjs/hooks/views.js.map
225 silly gunzTarPerm modified mode [ 'commonjs/hooks/views.js.map', 420, 438 ]
226 silly gunzTarPerm extractEntry commonjs/ng1/interface.js
227 silly gunzTarPerm modified mode [ 'commonjs/ng1/interface.js', 420, 438 ]
228 silly gunzTarPerm extractEntry commonjs/ng1/services.js
229 silly gunzTarPerm modified mode [ 'commonjs/ng1/services.js', 420, 438 ]
230 silly gunzTarPerm extractEntry commonjs/ng1/stateFilters.js
231 silly gunzTarPerm modified mode [ 'commonjs/ng1/stateFilters.js', 420, 438 ]
232 silly gunzTarPerm extractEntry commonjs/ng1/stateProvider.js
233 silly gunzTarPerm modified mode [ 'commonjs/ng1/stateProvider.js', 420, 438 ]
234 silly gunzTarPerm extractEntry commonjs/ng1/templateFactory.js
235 silly gunzTarPerm modified mode [ 'commonjs/ng1/templateFactory.js', 420, 438 ]
236 silly gunzTarPerm extractEntry commonjs/ng1/viewScroll.js
237 silly gunzTarPerm modified mode [ 'commonjs/ng1/viewScroll.js', 420, 438 ]
238 silly gunzTarPerm extractEntry commonjs/ng1/stateFilters.js.map
239 silly gunzTarPerm modified mode [ 'commonjs/ng1/stateFilters.js.map', 420, 438 ]
240 silly gunzTarPerm extractEntry commonjs/ng1/services.js.map
241 silly gunzTarPerm modified mode [ 'commonjs/ng1/services.js.map', 420, 438 ]
242 silly gunzTarPerm extractEntry commonjs/ng1/stateFilters.d.ts
243 silly gunzTarPerm modified mode [ 'commonjs/ng1/stateFilters.d.ts', 420, 438 ]
244 silly gunzTarPerm extractEntry commonjs/ng1/interface.js.map
245 silly gunzTarPerm modified mode [ 'commonjs/ng1/interface.js.map', 420, 438 ]
246 silly gunzTarPerm extractEntry commonjs/ng1/interface.d.ts
247 silly gunzTarPerm modified mode [ 'commonjs/ng1/interface.d.ts', 420, 438 ]
248 silly gunzTarPerm extractEntry commonjs/ng1/stateProvider.d.ts
249 silly gunzTarPerm modified mode [ 'commonjs/ng1/stateProvider.d.ts', 420, 438 ]
250 silly gunzTarPerm extractEntry commonjs/ng1/legacy/resolveService.js
251 silly gunzTarPerm modified mode [ 'commonjs/ng1/legacy/resolveService.js', 420, 438 ]
252 silly gunzTarPerm extractEntry commonjs/ng1/legacy/stateEvents.js
253 silly gunzTarPerm modified mode [ 'commonjs/ng1/legacy/stateEvents.js', 420, 438 ]
254 silly gunzTarPerm extractEntry commonjs/ng1/legacy/resolveService.d.ts
255 silly gunzTarPerm modified mode [ 'commonjs/ng1/legacy/resolveService.d.ts', 420, 438 ]
256 silly gunzTarPerm extractEntry commonjs/ng1/legacy/resolveService.js.map
257 silly gunzTarPerm modified mode [ 'commonjs/ng1/legacy/resolveService.js.map', 420, 438 ]
258 silly gunzTarPerm extractEntry commonjs/ng1/legacy/stateEvents.d.ts
259 silly gunzTarPerm modified mode [ 'commonjs/ng1/legacy/stateEvents.d.ts', 420, 438 ]
260 silly gunzTarPerm extractEntry commonjs/ng1/legacy/stateEvents.js.map
261 silly gunzTarPerm modified mode [ 'commonjs/ng1/legacy/stateEvents.js.map', 420, 438 ]
262 silly gunzTarPerm extractEntry commonjs/ng1/stateProvider.js.map
263 silly gunzTarPerm modified mode [ 'commonjs/ng1/stateProvider.js.map', 420, 438 ]
264 silly gunzTarPerm extractEntry commonjs/ng1/statebuilders/onEnterExitRetain.js
265 silly gunzTarPerm modified mode [ 'commonjs/ng1/statebuilders/onEnterExitRetain.js', 420, 438 ]
266 silly gunzTarPerm extractEntry commonjs/ng1/statebuilders/views.js
267 silly gunzTarPerm modified mode [ 'commonjs/ng1/statebuilders/views.js', 420, 438 ]
268 silly gunzTarPerm extractEntry commonjs/ng1/statebuilders/onEnterExitRetain.d.ts
269 silly gunzTarPerm modified mode [ 'commonjs/ng1/statebuilders/onEnterExitRetain.d.ts', 420, 438 ]
270 silly gunzTarPerm extractEntry commonjs/ng1/statebuilders/onEnterExitRetain.js.map
271 silly gunzTarPerm modified mode [ 'commonjs/ng1/statebuilders/onEnterExitRetain.js.map',
271 silly gunzTarPerm   420,
271 silly gunzTarPerm   438 ]
272 silly gunzTarPerm extractEntry commonjs/ng1/statebuilders/views.d.ts
273 silly gunzTarPerm modified mode [ 'commonjs/ng1/statebuilders/views.d.ts', 420, 438 ]
274 silly gunzTarPerm extractEntry commonjs/ng1/statebuilders/views.js.map
275 silly gunzTarPerm modified mode [ 'commonjs/ng1/statebuilders/views.js.map', 420, 438 ]
276 silly gunzTarPerm extractEntry commonjs/ng1/templateFactory.d.ts
277 silly gunzTarPerm modified mode [ 'commonjs/ng1/templateFactory.d.ts', 420, 438 ]
278 silly gunzTarPerm extractEntry commonjs/ng1/services.d.ts
279 silly gunzTarPerm modified mode [ 'commonjs/ng1/services.d.ts', 420, 438 ]
280 silly gunzTarPerm extractEntry commonjs/ng1/templateFactory.js.map
281 silly gunzTarPerm modified mode [ 'commonjs/ng1/templateFactory.js.map', 420, 438 ]
282 silly gunzTarPerm extractEntry commonjs/ng1/viewScroll.d.ts
283 silly gunzTarPerm modified mode [ 'commonjs/ng1/viewScroll.d.ts', 420, 438 ]
284 silly gunzTarPerm extractEntry commonjs/ng1/directives/stateDirectives.js
285 silly gunzTarPerm modified mode [ 'commonjs/ng1/directives/stateDirectives.js', 420, 438 ]
286 silly gunzTarPerm extractEntry commonjs/ng1/directives/viewDirective.js
287 silly gunzTarPerm modified mode [ 'commonjs/ng1/directives/viewDirective.js', 420, 438 ]
288 silly gunzTarPerm extractEntry commonjs/ng1/directives/stateDirectives.d.ts
289 silly gunzTarPerm modified mode [ 'commonjs/ng1/directives/stateDirectives.d.ts', 420, 438 ]
290 silly gunzTarPerm extractEntry commonjs/ng1/directives/stateDirectives.js.map
291 silly gunzTarPerm modified mode [ 'commonjs/ng1/directives/stateDirectives.js.map', 420, 438 ]
292 silly gunzTarPerm extractEntry commonjs/ng1/directives/viewDirective.d.ts
293 silly gunzTarPerm modified mode [ 'commonjs/ng1/directives/viewDirective.d.ts', 420, 438 ]
294 silly gunzTarPerm extractEntry commonjs/ng1/directives/viewDirective.js.map
295 silly gunzTarPerm modified mode [ 'commonjs/ng1/directives/viewDirective.js.map', 420, 438 ]
296 silly gunzTarPerm extractEntry commonjs/ng1/viewScroll.js.map
297 silly gunzTarPerm modified mode [ 'commonjs/ng1/viewScroll.js.map', 420, 438 ]
298 silly gunzTarPerm extractEntry commonjs/ng1.d.ts
299 silly gunzTarPerm modified mode [ 'commonjs/ng1.d.ts', 420, 438 ]
300 silly gunzTarPerm extractEntry commonjs/core.js.map
301 silly gunzTarPerm modified mode [ 'commonjs/core.js.map', 420, 438 ]
302 silly gunzTarPerm extractEntry commonjs/core.d.ts
303 silly gunzTarPerm modified mode [ 'commonjs/core.d.ts', 420, 438 ]
304 silly gunzTarPerm extractEntry commonjs/params/module.js
305 silly gunzTarPerm modified mode [ 'commonjs/params/module.js', 420, 438 ]
306 silly gunzTarPerm extractEntry commonjs/params/param.js
307 silly gunzTarPerm modified mode [ 'commonjs/params/param.js', 420, 438 ]
308 silly gunzTarPerm extractEntry commonjs/params/interface.js
309 silly gunzTarPerm modified mode [ 'commonjs/params/interface.js', 420, 438 ]
310 silly gunzTarPerm extractEntry commonjs/params/paramTypes.js
311 silly gunzTarPerm modified mode [ 'commonjs/params/paramTypes.js', 420, 438 ]
312 silly gunzTarPerm extractEntry commonjs/params/stateParams.js
313 silly gunzTarPerm modified mode [ 'commonjs/params/stateParams.js', 420, 438 ]
314 silly gunzTarPerm extractEntry commonjs/params/type.js
315 silly gunzTarPerm modified mode [ 'commonjs/params/type.js', 420, 438 ]
316 silly gunzTarPerm extractEntry commonjs/params/paramTypes.d.ts
317 silly gunzTarPerm modified mode [ 'commonjs/params/paramTypes.d.ts', 420, 438 ]
318 silly gunzTarPerm extractEntry commonjs/params/interface.js.map
319 silly gunzTarPerm modified mode [ 'commonjs/params/interface.js.map', 420, 438 ]
320 silly gunzTarPerm extractEntry commonjs/params/param.js.map
321 silly gunzTarPerm modified mode [ 'commonjs/params/param.js.map', 420, 438 ]
322 silly gunzTarPerm extractEntry commonjs/params/module.d.ts
323 silly gunzTarPerm modified mode [ 'commonjs/params/module.d.ts', 420, 438 ]
324 silly gunzTarPerm extractEntry commonjs/params/interface.d.ts
325 silly gunzTarPerm modified mode [ 'commonjs/params/interface.d.ts', 420, 438 ]
326 silly gunzTarPerm extractEntry commonjs/params/paramTypes.js.map
327 silly gunzTarPerm modified mode [ 'commonjs/params/paramTypes.js.map', 420, 438 ]
328 silly gunzTarPerm extractEntry commonjs/params/stateParams.d.ts
329 silly gunzTarPerm modified mode [ 'commonjs/params/stateParams.d.ts', 420, 438 ]
330 silly gunzTarPerm extractEntry commonjs/params/module.js.map
331 silly gunzTarPerm modified mode [ 'commonjs/params/module.js.map', 420, 438 ]
332 silly gunzTarPerm extractEntry commonjs/params/stateParams.js.map
333 silly gunzTarPerm modified mode [ 'commonjs/params/stateParams.js.map', 420, 438 ]
334 silly gunzTarPerm extractEntry commonjs/params/type.d.ts
335 silly gunzTarPerm modified mode [ 'commonjs/params/type.d.ts', 420, 438 ]
336 silly gunzTarPerm extractEntry commonjs/params/param.d.ts
337 silly gunzTarPerm modified mode [ 'commonjs/params/param.d.ts', 420, 438 ]
338 silly gunzTarPerm extractEntry commonjs/params/type.js.map
339 silly gunzTarPerm modified mode [ 'commonjs/params/type.js.map', 420, 438 ]
340 silly gunzTarPerm extractEntry commonjs/path/module.js
341 silly gunzTarPerm modified mode [ 'commonjs/path/module.js', 420, 438 ]
342 silly gunzTarPerm extractEntry commonjs/path/node.js
343 silly gunzTarPerm modified mode [ 'commonjs/path/node.js', 420, 438 ]
344 silly gunzTarPerm extractEntry commonjs/path/pathFactory.js
345 silly gunzTarPerm modified mode [ 'commonjs/path/pathFactory.js', 420, 438 ]
346 silly gunzTarPerm extractEntry commonjs/path/module.d.ts
347 silly gunzTarPerm modified mode [ 'commonjs/path/module.d.ts', 420, 438 ]
348 silly gunzTarPerm extractEntry commonjs/path/module.js.map
349 silly gunzTarPerm modified mode [ 'commonjs/path/module.js.map', 420, 438 ]
350 silly gunzTarPerm extractEntry commonjs/path/node.d.ts
351 silly gunzTarPerm modified mode [ 'commonjs/path/node.d.ts', 420, 438 ]
352 silly gunzTarPerm extractEntry commonjs/path/node.js.map
353 silly gunzTarPerm modified mode [ 'commonjs/path/node.js.map', 420, 438 ]
354 silly gunzTarPerm extractEntry commonjs/path/pathFactory.d.ts
355 silly gunzTarPerm modified mode [ 'commonjs/path/pathFactory.d.ts', 420, 438 ]
356 silly gunzTarPerm extractEntry commonjs/path/pathFactory.js.map
357 silly gunzTarPerm modified mode [ 'commonjs/path/pathFactory.js.map', 420, 438 ]
358 silly gunzTarPerm extractEntry commonjs/resolve/module.js
359 silly gunzTarPerm modified mode [ 'commonjs/resolve/module.js', 420, 438 ]
360 silly gunzTarPerm extractEntry commonjs/resolve/interface.js
361 silly gunzTarPerm modified mode [ 'commonjs/resolve/interface.js', 420, 438 ]
362 silly gunzTarPerm extractEntry commonjs/resolve/resolvable.js
363 silly gunzTarPerm modified mode [ 'commonjs/resolve/resolvable.js', 420, 438 ]
364 silly gunzTarPerm extractEntry commonjs/resolve/resolveContext.js
365 silly gunzTarPerm modified mode [ 'commonjs/resolve/resolveContext.js', 420, 438 ]
366 silly gunzTarPerm extractEntry commonjs/resolve/resolvable.d.ts
367 silly gunzTarPerm modified mode [ 'commonjs/resolve/resolvable.d.ts', 420, 438 ]
368 silly gunzTarPerm extractEntry commonjs/resolve/module.js.map
369 silly gunzTarPerm modified mode [ 'commonjs/resolve/module.js.map', 420, 438 ]
370 silly gunzTarPerm extractEntry commonjs/resolve/interface.js.map
371 silly gunzTarPerm modified mode [ 'commonjs/resolve/interface.js.map', 420, 438 ]
372 silly gunzTarPerm extractEntry commonjs/resolve/module.d.ts
373 silly gunzTarPerm modified mode [ 'commonjs/resolve/module.d.ts', 420, 438 ]
374 silly gunzTarPerm extractEntry commonjs/resolve/resolvable.js.map
375 silly gunzTarPerm modified mode [ 'commonjs/resolve/resolvable.js.map', 420, 438 ]
376 silly gunzTarPerm extractEntry commonjs/resolve/resolveContext.d.ts
377 silly gunzTarPerm modified mode [ 'commonjs/resolve/resolveContext.d.ts', 420, 438 ]
378 silly gunzTarPerm extractEntry commonjs/resolve/interface.d.ts
379 silly gunzTarPerm modified mode [ 'commonjs/resolve/interface.d.ts', 420, 438 ]
380 silly gunzTarPerm extractEntry commonjs/resolve/resolveContext.js.map
381 silly gunzTarPerm modified mode [ 'commonjs/resolve/resolveContext.js.map', 420, 438 ]
382 silly gunzTarPerm extractEntry commonjs/router.d.ts
383 silly gunzTarPerm modified mode [ 'commonjs/router.d.ts', 420, 438 ]
384 silly gunzTarPerm extractEntry commonjs/globals.d.ts
385 silly gunzTarPerm modified mode [ 'commonjs/globals.d.ts', 420, 438 ]
386 silly gunzTarPerm extractEntry commonjs/router.js.map
387 silly gunzTarPerm modified mode [ 'commonjs/router.js.map', 420, 438 ]
388 silly gunzTarPerm extractEntry commonjs/state/stateObject.js
389 silly gunzTarPerm modified mode [ 'commonjs/state/stateObject.js', 420, 438 ]
390 silly gunzTarPerm extractEntry commonjs/state/module.js
391 silly gunzTarPerm modified mode [ 'commonjs/state/module.js', 420, 438 ]
392 silly gunzTarPerm extractEntry commonjs/state/stateBuilder.js
393 silly gunzTarPerm modified mode [ 'commonjs/state/stateBuilder.js', 420, 438 ]
394 silly gunzTarPerm extractEntry commonjs/state/stateMatcher.js
395 silly gunzTarPerm modified mode [ 'commonjs/state/stateMatcher.js', 420, 438 ]
396 silly gunzTarPerm extractEntry commonjs/state/interface.js
397 silly gunzTarPerm modified mode [ 'commonjs/state/interface.js', 420, 438 ]
398 silly gunzTarPerm extractEntry commonjs/state/stateQueueManager.js
399 silly gunzTarPerm modified mode [ 'commonjs/state/stateQueueManager.js', 420, 438 ]
400 silly gunzTarPerm extractEntry commonjs/state/stateRegistry.js
401 silly gunzTarPerm modified mode [ 'commonjs/state/stateRegistry.js', 420, 438 ]
402 silly gunzTarPerm extractEntry commonjs/state/stateService.js
403 silly gunzTarPerm modified mode [ 'commonjs/state/stateService.js', 420, 438 ]
404 silly gunzTarPerm extractEntry commonjs/state/targetState.js
405 silly gunzTarPerm modified mode [ 'commonjs/state/targetState.js', 420, 438 ]
406 silly gunzTarPerm extractEntry commonjs/state/stateMatcher.d.ts
407 silly gunzTarPerm modified mode [ 'commonjs/state/stateMatcher.d.ts', 420, 438 ]
408 silly gunzTarPerm extractEntry commonjs/state/module.d.ts
409 silly gunzTarPerm modified mode [ 'commonjs/state/module.d.ts', 420, 438 ]
410 silly gunzTarPerm extractEntry commonjs/state/stateMatcher.js.map
411 silly gunzTarPerm modified mode [ 'commonjs/state/stateMatcher.js.map', 420, 438 ]
412 silly gunzTarPerm extractEntry commonjs/state/stateObject.d.ts
413 silly gunzTarPerm modified mode [ 'commonjs/state/stateObject.d.ts', 420, 438 ]
414 silly gunzTarPerm extractEntry commonjs/state/interface.d.ts
415 silly gunzTarPerm modified mode [ 'commonjs/state/interface.d.ts', 420, 438 ]
416 silly gunzTarPerm extractEntry commonjs/state/stateObject.js.map
417 silly gunzTarPerm modified mode [ 'commonjs/state/stateObject.js.map', 420, 438 ]
418 silly gunzTarPerm extractEntry commonjs/state/stateQueueManager.d.ts
419 silly gunzTarPerm modified mode [ 'commonjs/state/stateQueueManager.d.ts', 420, 438 ]
420 silly gunzTarPerm extractEntry commonjs/state/module.js.map
421 silly gunzTarPerm modified mode [ 'commonjs/state/module.js.map', 420, 438 ]
422 silly gunzTarPerm extractEntry commonjs/state/stateQueueManager.js.map
423 silly gunzTarPerm modified mode [ 'commonjs/state/stateQueueManager.js.map', 420, 438 ]
424 silly gunzTarPerm extractEntry commonjs/state/stateRegistry.d.ts
425 silly gunzTarPerm modified mode [ 'commonjs/state/stateRegistry.d.ts', 420, 438 ]
426 silly gunzTarPerm extractEntry commonjs/state/stateBuilder.d.ts
427 silly gunzTarPerm modified mode [ 'commonjs/state/stateBuilder.d.ts', 420, 438 ]
428 silly gunzTarPerm extractEntry commonjs/state/stateRegistry.js.map
429 silly gunzTarPerm modified mode [ 'commonjs/state/stateRegistry.js.map', 420, 438 ]
430 silly gunzTarPerm extractEntry commonjs/state/stateService.d.ts
431 silly gunzTarPerm modified mode [ 'commonjs/state/stateService.d.ts', 420, 438 ]
432 silly gunzTarPerm extractEntry commonjs/state/interface.js.map
433 silly gunzTarPerm modified mode [ 'commonjs/state/interface.js.map', 420, 438 ]
434 silly gunzTarPerm extractEntry commonjs/state/stateService.js.map
435 silly gunzTarPerm modified mode [ 'commonjs/state/stateService.js.map', 420, 438 ]
436 silly gunzTarPerm extractEntry commonjs/state/targetState.d.ts
437 silly gunzTarPerm modified mode [ 'commonjs/state/targetState.d.ts', 420, 438 ]
438 silly gunzTarPerm extractEntry commonjs/state/stateBuilder.js.map
439 silly gunzTarPerm modified mode [ 'commonjs/state/stateBuilder.js.map', 420, 438 ]
440 silly gunzTarPerm extractEntry commonjs/state/targetState.js.map
441 silly gunzTarPerm modified mode [ 'commonjs/state/targetState.js.map', 420, 438 ]
442 silly gunzTarPerm extractEntry commonjs/transition/hookRegistry.js
443 silly gunzTarPerm modified mode [ 'commonjs/transition/hookRegistry.js', 420, 438 ]
444 silly gunzTarPerm extractEntry commonjs/transition/interface.js
445 silly gunzTarPerm modified mode [ 'commonjs/transition/interface.js', 420, 438 ]
446 silly gunzTarPerm extractEntry commonjs/transition/module.js
447 silly gunzTarPerm modified mode [ 'commonjs/transition/module.js', 420, 438 ]
448 silly gunzTarPerm extractEntry commonjs/transition/hookBuilder.js
449 silly gunzTarPerm modified mode [ 'commonjs/transition/hookBuilder.js', 420, 438 ]
450 silly gunzTarPerm extractEntry commonjs/transition/rejectFactory.js
451 silly gunzTarPerm modified mode [ 'commonjs/transition/rejectFactory.js', 420, 438 ]
452 silly gunzTarPerm extractEntry commonjs/transition/transition.js
453 silly gunzTarPerm modified mode [ 'commonjs/transition/transition.js', 420, 438 ]
454 silly gunzTarPerm extractEntry commonjs/transition/transitionHook.js
455 silly gunzTarPerm modified mode [ 'commonjs/transition/transitionHook.js', 420, 438 ]
456 silly gunzTarPerm extractEntry commonjs/transition/transitionService.js
457 silly gunzTarPerm modified mode [ 'commonjs/transition/transitionService.js', 420, 438 ]
458 silly gunzTarPerm extractEntry commonjs/transition/rejectFactory.d.ts
459 silly gunzTarPerm modified mode [ 'commonjs/transition/rejectFactory.d.ts', 420, 438 ]
460 silly gunzTarPerm extractEntry commonjs/transition/module.d.ts
461 silly gunzTarPerm modified mode [ 'commonjs/transition/module.d.ts', 420, 438 ]
462 silly gunzTarPerm extractEntry commonjs/transition/hookRegistry.d.ts
463 silly gunzTarPerm modified mode [ 'commonjs/transition/hookRegistry.d.ts', 420, 438 ]
464 silly gunzTarPerm extractEntry commonjs/transition/module.js.map
465 silly gunzTarPerm modified mode [ 'commonjs/transition/module.js.map', 420, 438 ]
466 silly gunzTarPerm extractEntry commonjs/transition/hookBuilder.d.ts
467 silly gunzTarPerm modified mode [ 'commonjs/transition/hookBuilder.d.ts', 420, 438 ]
468 silly gunzTarPerm extractEntry commonjs/transition/hookRegistry.js.map
469 silly gunzTarPerm modified mode [ 'commonjs/transition/hookRegistry.js.map', 420, 438 ]
470 silly gunzTarPerm extractEntry commonjs/transition/rejectFactory.js.map
471 silly gunzTarPerm modified mode [ 'commonjs/transition/rejectFactory.js.map', 420, 438 ]
472 silly gunzTarPerm extractEntry commonjs/transition/transition.d.ts
473 silly gunzTarPerm modified mode [ 'commonjs/transition/transition.d.ts', 420, 438 ]
474 silly gunzTarPerm extractEntry commonjs/transition/interface.d.ts
475 silly gunzTarPerm modified mode [ 'commonjs/transition/interface.d.ts', 420, 438 ]
476 silly gunzTarPerm extractEntry commonjs/transition/transition.js.map
477 silly gunzTarPerm modified mode [ 'commonjs/transition/transition.js.map', 420, 438 ]
478 silly gunzTarPerm extractEntry commonjs/transition/transitionHook.d.ts
479 silly gunzTarPerm modified mode [ 'commonjs/transition/transitionHook.d.ts', 420, 438 ]
480 silly gunzTarPerm extractEntry commonjs/transition/hookBuilder.js.map
481 silly gunzTarPerm modified mode [ 'commonjs/transition/hookBuilder.js.map', 420, 438 ]
482 silly gunzTarPerm extractEntry commonjs/transition/transitionHook.js.map
483 silly gunzTarPerm modified mode [ 'commonjs/transition/transitionHook.js.map', 420, 438 ]
484 silly gunzTarPerm extractEntry commonjs/transition/transitionService.d.ts
485 silly gunzTarPerm modified mode [ 'commonjs/transition/transitionService.d.ts', 420, 438 ]
486 silly gunzTarPerm extractEntry commonjs/transition/interface.js.map
487 silly gunzTarPerm modified mode [ 'commonjs/transition/interface.js.map', 420, 438 ]
488 silly gunzTarPerm extractEntry commonjs/transition/transitionService.js.map
489 silly gunzTarPerm modified mode [ 'commonjs/transition/transitionService.js.map', 420, 438 ]
490 silly gunzTarPerm extractEntry commonjs/url/urlMatcherConfig.js
491 silly gunzTarPerm modified mode [ 'commonjs/url/urlMatcherConfig.js', 420, 438 ]
492 silly gunzTarPerm extractEntry commonjs/url/urlMatcher.js
493 silly gunzTarPerm modified mode [ 'commonjs/url/urlMatcher.js', 420, 438 ]
494 silly gunzTarPerm extractEntry commonjs/url/module.js
495 silly gunzTarPerm modified mode [ 'commonjs/url/module.js', 420, 438 ]
496 silly gunzTarPerm extractEntry commonjs/url/urlMatcherFactory.js
497 silly gunzTarPerm modified mode [ 'commonjs/url/urlMatcherFactory.js', 420, 438 ]
498 silly gunzTarPerm extractEntry commonjs/url/urlRouter.js
499 silly gunzTarPerm modified mode [ 'commonjs/url/urlRouter.js', 420, 438 ]
500 silly gunzTarPerm extractEntry commonjs/url/urlMatcher.js.map
501 silly gunzTarPerm modified mode [ 'commonjs/url/urlMatcher.js.map', 420, 438 ]
502 silly gunzTarPerm extractEntry commonjs/url/urlMatcherConfig.d.ts
503 silly gunzTarPerm modified mode [ 'commonjs/url/urlMatcherConfig.d.ts', 420, 438 ]
504 silly gunzTarPerm extractEntry commonjs/url/module.js.map
505 silly gunzTarPerm modified mode [ 'commonjs/url/module.js.map', 420, 438 ]
506 silly gunzTarPerm extractEntry commonjs/url/urlMatcherConfig.js.map
507 silly gunzTarPerm modified mode [ 'commonjs/url/urlMatcherConfig.js.map', 420, 438 ]
508 silly gunzTarPerm extractEntry commonjs/url/urlMatcherFactory.d.ts
509 silly gunzTarPerm modified mode [ 'commonjs/url/urlMatcherFactory.d.ts', 420, 438 ]
510 silly gunzTarPerm extractEntry commonjs/url/urlMatcher.d.ts
511 silly gunzTarPerm modified mode [ 'commonjs/url/urlMatcher.d.ts', 420, 438 ]
512 silly gunzTarPerm extractEntry commonjs/url/urlMatcherFactory.js.map
513 silly gunzTarPerm modified mode [ 'commonjs/url/urlMatcherFactory.js.map', 420, 438 ]
514 silly gunzTarPerm extractEntry commonjs/url/urlRouter.d.ts
515 silly gunzTarPerm modified mode [ 'commonjs/url/urlRouter.d.ts', 420, 438 ]
516 silly gunzTarPerm extractEntry commonjs/url/module.d.ts
517 silly gunzTarPerm modified mode [ 'commonjs/url/module.d.ts', 420, 438 ]
518 silly gunzTarPerm extractEntry commonjs/url/urlRouter.js.map
519 silly gunzTarPerm modified mode [ 'commonjs/url/urlRouter.js.map', 420, 438 ]
520 silly gunzTarPerm extractEntry commonjs/view/interface.js
521 silly gunzTarPerm modified mode [ 'commonjs/view/interface.js', 420, 438 ]
522 silly gunzTarPerm extractEntry commonjs/view/module.js
523 silly gunzTarPerm modified mode [ 'commonjs/view/module.js', 420, 438 ]
524 silly gunzTarPerm extractEntry commonjs/view/view.js
525 silly gunzTarPerm modified mode [ 'commonjs/view/view.js', 420, 438 ]
526 silly gunzTarPerm extractEntry commonjs/view/interface.d.ts
527 silly gunzTarPerm modified mode [ 'commonjs/view/interface.d.ts', 420, 438 ]
528 silly gunzTarPerm extractEntry commonjs/view/interface.js.map
529 silly gunzTarPerm modified mode [ 'commonjs/view/interface.js.map', 420, 438 ]
530 silly gunzTarPerm extractEntry commonjs/view/module.d.ts
531 silly gunzTarPerm modified mode [ 'commonjs/view/module.d.ts', 420, 438 ]
532 silly gunzTarPerm extractEntry commonjs/view/module.js.map
533 silly gunzTarPerm modified mode [ 'commonjs/view/module.js.map', 420, 438 ]
534 silly gunzTarPerm extractEntry commonjs/view/view.d.ts
535 silly gunzTarPerm modified mode [ 'commonjs/view/view.d.ts', 420, 438 ]
536 silly gunzTarPerm extractEntry commonjs/view/view.js.map
537 silly gunzTarPerm modified mode [ 'commonjs/view/view.js.map', 420, 438 ]
538 silly gunzTarPerm extractEntry release/angular-ui-router.js
539 silly gunzTarPerm modified mode [ 'release/angular-ui-router.js', 420, 438 ]
540 silly gunzTarPerm extractEntry release/angular-ui-router.min.js
541 silly gunzTarPerm modified mode [ 'release/angular-ui-router.min.js', 420, 438 ]
542 silly gunzTarPerm extractEntry release/stateEvents.js
543 silly gunzTarPerm modified mode [ 'release/stateEvents.js', 420, 438 ]
544 silly gunzTarPerm extractEntry release/stateEvents.min.js
545 silly gunzTarPerm modified mode [ 'release/stateEvents.min.js', 420, 438 ]
546 silly gunzTarPerm extractEntry release/common/common.d.ts
547 silly gunzTarPerm modified mode [ 'release/common/common.d.ts', 420, 438 ]
548 silly gunzTarPerm extractEntry release/common/coreservices.d.ts
549 silly gunzTarPerm modified mode [ 'release/common/coreservices.d.ts', 420, 438 ]
550 silly gunzTarPerm extractEntry release/common/glob.d.ts
551 silly gunzTarPerm modified mode [ 'release/common/glob.d.ts', 420, 438 ]
552 silly gunzTarPerm extractEntry release/common/hof.d.ts
553 silly gunzTarPerm modified mode [ 'release/common/hof.d.ts', 420, 438 ]
554 silly gunzTarPerm extractEntry release/common/interface.d.ts
555 silly gunzTarPerm modified mode [ 'release/common/interface.d.ts', 420, 438 ]
556 silly gunzTarPerm extractEntry release/common/module.d.ts
557 silly gunzTarPerm modified mode [ 'release/common/module.d.ts', 420, 438 ]
558 silly gunzTarPerm extractEntry release/common/predicates.d.ts
559 silly gunzTarPerm modified mode [ 'release/common/predicates.d.ts', 420, 438 ]
560 silly gunzTarPerm extractEntry release/common/queue.d.ts
561 silly gunzTarPerm modified mode [ 'release/common/queue.d.ts', 420, 438 ]
562 silly gunzTarPerm extractEntry release/common/strings.d.ts
563 silly gunzTarPerm modified mode [ 'release/common/strings.d.ts', 420, 438 ]
564 silly gunzTarPerm extractEntry release/common/trace.d.ts
565 silly gunzTarPerm modified mode [ 'release/common/trace.d.ts', 420, 438 ]
566 silly gunzTarPerm extractEntry release/core.d.ts
567 silly gunzTarPerm modified mode [ 'release/core.d.ts', 420, 438 ]
568 silly gunzTarPerm extractEntry release/globals.d.ts
569 silly gunzTarPerm modified mode [ 'release/globals.d.ts', 420, 438 ]
570 silly gunzTarPerm extractEntry release/hooks/lazyLoadStates.d.ts
571 silly gunzTarPerm modified mode [ 'release/hooks/lazyLoadStates.d.ts', 420, 438 ]
572 silly gunzTarPerm extractEntry release/hooks/onEnterExitRetain.d.ts
573 silly gunzTarPerm modified mode [ 'release/hooks/onEnterExitRetain.d.ts', 420, 438 ]
574 silly gunzTarPerm extractEntry release/hooks/redirectTo.d.ts
575 silly gunzTarPerm modified mode [ 'release/hooks/redirectTo.d.ts', 420, 438 ]
576 silly gunzTarPerm extractEntry release/hooks/resolve.d.ts
577 silly gunzTarPerm modified mode [ 'release/hooks/resolve.d.ts', 420, 438 ]
578 silly gunzTarPerm extractEntry release/hooks/url.d.ts
579 silly gunzTarPerm modified mode [ 'release/hooks/url.d.ts', 420, 438 ]
580 silly gunzTarPerm extractEntry release/hooks/views.d.ts
581 silly gunzTarPerm modified mode [ 'release/hooks/views.d.ts', 420, 438 ]
582 silly gunzTarPerm extractEntry release/ng1/directives/stateDirectives.d.ts
583 silly gunzTarPerm modified mode [ 'release/ng1/directives/stateDirectives.d.ts', 420, 438 ]
584 silly gunzTarPerm extractEntry release/ng1/directives/viewDirective.d.ts
585 silly gunzTarPerm modified mode [ 'release/ng1/directives/viewDirective.d.ts', 420, 438 ]
586 silly gunzTarPerm extractEntry release/ng1/interface.d.ts
587 silly gunzTarPerm modified mode [ 'release/ng1/interface.d.ts', 420, 438 ]
588 silly gunzTarPerm extractEntry release/ng1/legacy/resolveService.d.ts
589 silly gunzTarPerm modified mode [ 'release/ng1/legacy/resolveService.d.ts', 420, 438 ]
590 silly gunzTarPerm extractEntry release/ng1/legacy/stateEvents.d.ts
591 silly gunzTarPerm modified mode [ 'release/ng1/legacy/stateEvents.d.ts', 420, 438 ]
592 silly gunzTarPerm extractEntry release/ng1/services.d.ts
593 silly gunzTarPerm modified mode [ 'release/ng1/services.d.ts', 420, 438 ]
594 silly gunzTarPerm extractEntry release/ng1/stateFilters.d.ts
595 silly gunzTarPerm modified mode [ 'release/ng1/stateFilters.d.ts', 420, 438 ]
596 silly gunzTarPerm extractEntry release/ng1/stateProvider.d.ts
597 silly gunzTarPerm modified mode [ 'release/ng1/stateProvider.d.ts', 420, 438 ]
598 silly gunzTarPerm extractEntry release/ng1/statebuilders/onEnterExitRetain.d.ts
599 silly gunzTarPerm modified mode [ 'release/ng1/statebuilders/onEnterExitRetain.d.ts', 420, 438 ]
600 silly gunzTarPerm extractEntry release/ng1/statebuilders/views.d.ts
601 silly gunzTarPerm modified mode [ 'release/ng1/statebuilders/views.d.ts', 420, 438 ]
602 silly gunzTarPerm extractEntry release/ng1/templateFactory.d.ts
603 silly gunzTarPerm modified mode [ 'release/ng1/templateFactory.d.ts', 420, 438 ]
604 silly gunzTarPerm extractEntry release/ng1/viewScroll.d.ts
605 silly gunzTarPerm modified mode [ 'release/ng1/viewScroll.d.ts', 420, 438 ]
606 silly gunzTarPerm extractEntry release/ng1.d.ts
607 silly gunzTarPerm modified mode [ 'release/ng1.d.ts', 420, 438 ]
608 silly gunzTarPerm extractEntry release/params/interface.d.ts
609 silly gunzTarPerm modified mode [ 'release/params/interface.d.ts', 420, 438 ]
610 silly gunzTarPerm extractEntry release/params/module.d.ts
611 silly gunzTarPerm modified mode [ 'release/params/module.d.ts', 420, 438 ]
612 silly gunzTarPerm extractEntry release/params/param.d.ts
613 silly gunzTarPerm modified mode [ 'release/params/param.d.ts', 420, 438 ]
614 silly gunzTarPerm extractEntry release/params/paramTypes.d.ts
615 silly gunzTarPerm modified mode [ 'release/params/paramTypes.d.ts', 420, 438 ]
616 silly gunzTarPerm extractEntry release/params/stateParams.d.ts
617 silly gunzTarPerm modified mode [ 'release/params/stateParams.d.ts', 420, 438 ]
618 silly gunzTarPerm extractEntry release/params/type.d.ts
619 silly gunzTarPerm modified mode [ 'release/params/type.d.ts', 420, 438 ]
620 silly gunzTarPerm extractEntry release/angular-ui-router.js.map
621 silly gunzTarPerm modified mode [ 'release/angular-ui-router.js.map', 420, 438 ]
622 silly gunzTarPerm extractEntry release/resolve/interface.d.ts
623 silly gunzTarPerm modified mode [ 'release/resolve/interface.d.ts', 420, 438 ]
624 silly gunzTarPerm extractEntry release/resolve/module.d.ts
625 silly gunzTarPerm modified mode [ 'release/resolve/module.d.ts', 420, 438 ]
626 silly gunzTarPerm extractEntry release/resolve/resolvable.d.ts
627 silly gunzTarPerm modified mode [ 'release/resolve/resolvable.d.ts', 420, 438 ]
628 silly gunzTarPerm extractEntry release/resolve/resolveContext.d.ts
629 silly gunzTarPerm modified mode [ 'release/resolve/resolveContext.d.ts', 420, 438 ]
630 silly gunzTarPerm extractEntry release/router.d.ts
631 silly gunzTarPerm modified mode [ 'release/router.d.ts', 420, 438 ]
632 silly gunzTarPerm extractEntry release/state/interface.d.ts
633 silly gunzTarPerm modified mode [ 'release/state/interface.d.ts', 420, 438 ]
634 silly gunzTarPerm extractEntry release/state/module.d.ts
635 silly gunzTarPerm modified mode [ 'release/state/module.d.ts', 420, 438 ]
636 silly gunzTarPerm extractEntry release/state/stateBuilder.d.ts
637 silly gunzTarPerm modified mode [ 'release/state/stateBuilder.d.ts', 420, 438 ]
638 silly gunzTarPerm extractEntry release/state/stateMatcher.d.ts
639 silly gunzTarPerm modified mode [ 'release/state/stateMatcher.d.ts', 420, 438 ]
640 silly gunzTarPerm extractEntry release/state/stateObject.d.ts
641 silly gunzTarPerm modified mode [ 'release/state/stateObject.d.ts', 420, 438 ]
642 silly gunzTarPerm extractEntry release/state/stateQueueManager.d.ts
643 silly gunzTarPerm modified mode [ 'release/state/stateQueueManager.d.ts', 420, 438 ]
644 silly gunzTarPerm extractEntry release/state/stateRegistry.d.ts
645 silly gunzTarPerm modified mode [ 'release/state/stateRegistry.d.ts', 420, 438 ]
646 silly gunzTarPerm extractEntry release/state/stateService.d.ts
647 silly gunzTarPerm modified mode [ 'release/state/stateService.d.ts', 420, 438 ]
648 silly gunzTarPerm extractEntry release/state/targetState.d.ts
649 silly gunzTarPerm modified mode [ 'release/state/targetState.d.ts', 420, 438 ]
650 silly gunzTarPerm extractEntry release/view/interface.d.ts
651 silly gunzTarPerm modified mode [ 'release/view/interface.d.ts', 420, 438 ]
652 silly gunzTarPerm extractEntry release/view/module.d.ts
653 silly gunzTarPerm modified mode [ 'release/view/module.d.ts', 420, 438 ]
654 silly gunzTarPerm extractEntry release/view/view.d.ts
655 silly gunzTarPerm modified mode [ 'release/view/view.d.ts', 420, 438 ]
656 silly gunzTarPerm extractEntry release/stateEvents.js.map
657 silly gunzTarPerm modified mode [ 'release/stateEvents.js.map', 420, 438 ]
658 silly gunzTarPerm extractEntry release/angular-ui-router.min.js.map
659 silly gunzTarPerm modified mode [ 'release/angular-ui-router.min.js.map', 420, 438 ]
660 silly gunzTarPerm extractEntry release/stateEvents.min.js.map
661 silly gunzTarPerm modified mode [ 'release/stateEvents.min.js.map', 420, 438 ]
662 silly gunzTarPerm extractEntry release/transition/hookBuilder.d.ts
663 silly gunzTarPerm modified mode [ 'release/transition/hookBuilder.d.ts', 420, 438 ]
664 silly gunzTarPerm extractEntry release/transition/hookRegistry.d.ts
665 silly gunzTarPerm modified mode [ 'release/transition/hookRegistry.d.ts', 420, 438 ]
666 silly gunzTarPerm extractEntry release/transition/interface.d.ts
667 silly gunzTarPerm modified mode [ 'release/transition/interface.d.ts', 420, 438 ]
668 silly gunzTarPerm extractEntry release/transition/module.d.ts
669 silly gunzTarPerm modified mode [ 'release/transition/module.d.ts', 420, 438 ]
670 silly gunzTarPerm extractEntry release/transition/rejectFactory.d.ts
671 silly gunzTarPerm modified mode [ 'release/transition/rejectFactory.d.ts', 420, 438 ]
672 silly gunzTarPerm extractEntry release/transition/transition.d.ts
673 silly gunzTarPerm modified mode [ 'release/transition/transition.d.ts', 420, 438 ]
674 silly gunzTarPerm extractEntry release/transition/transitionHook.d.ts
675 silly gunzTarPerm modified mode [ 'release/transition/transitionHook.d.ts', 420, 438 ]
676 silly gunzTarPerm extractEntry release/transition/transitionService.d.ts
677 silly gunzTarPerm modified mode [ 'release/transition/transitionService.d.ts', 420, 438 ]
678 silly gunzTarPerm extractEntry release/url/module.d.ts
679 silly gunzTarPerm modified mode [ 'release/url/module.d.ts', 420, 438 ]
680 silly gunzTarPerm extractEntry release/url/urlMatcher.d.ts
681 silly gunzTarPerm modified mode [ 'release/url/urlMatcher.d.ts', 420, 438 ]
682 silly gunzTarPerm extractEntry release/url/urlMatcherConfig.d.ts
683 silly gunzTarPerm modified mode [ 'release/url/urlMatcherConfig.d.ts', 420, 438 ]
684 silly gunzTarPerm extractEntry release/url/urlMatcherFactory.d.ts
685 silly gunzTarPerm modified mode [ 'release/url/urlMatcherFactory.d.ts', 420, 438 ]
686 silly gunzTarPerm extractEntry release/url/urlRouter.d.ts
687 silly gunzTarPerm modified mode [ 'release/url/urlRouter.d.ts', 420, 438 ]
688 silly gunzTarPerm extractEntry release/path/module.d.ts
689 silly gunzTarPerm modified mode [ 'release/path/module.d.ts', 420, 438 ]
690 silly gunzTarPerm extractEntry release/path/node.d.ts
691 silly gunzTarPerm modified mode [ 'release/path/node.d.ts', 420, 438 ]
692 silly gunzTarPerm extractEntry release/path/pathFactory.d.ts
693 silly gunzTarPerm modified mode [ 'release/path/pathFactory.d.ts', 420, 438 ]
694 silly gunzTarPerm extractEntry src/path/module.ts
695 silly gunzTarPerm modified mode [ 'src/path/module.ts', 420, 438 ]
696 silly gunzTarPerm extractEntry src/path/node.ts
697 silly gunzTarPerm modified mode [ 'src/path/node.ts', 420, 438 ]
698 silly gunzTarPerm extractEntry src/path/pathFactory.ts
699 silly gunzTarPerm modified mode [ 'src/path/pathFactory.ts', 420, 438 ]
700 silly gunzTarPerm extractEntry src/common/common.ts
701 silly gunzTarPerm modified mode [ 'src/common/common.ts', 420, 438 ]
702 silly gunzTarPerm extractEntry src/common/coreservices.ts
703 silly gunzTarPerm modified mode [ 'src/common/coreservices.ts', 420, 438 ]
704 silly gunzTarPerm extractEntry src/common/glob.ts
705 silly gunzTarPerm modified mode [ 'src/common/glob.ts', 420, 438 ]
706 silly gunzTarPerm extractEntry src/common/hof.ts
707 silly gunzTarPerm modified mode [ 'src/common/hof.ts', 420, 438 ]
708 silly gunzTarPerm extractEntry src/common/interface.ts
709 silly gunzTarPerm modified mode [ 'src/common/interface.ts', 420, 438 ]
710 silly gunzTarPerm extractEntry src/common/module.ts
711 silly gunzTarPerm modified mode [ 'src/common/module.ts', 420, 438 ]
712 silly gunzTarPerm extractEntry src/common/predicates.ts
713 silly gunzTarPerm modified mode [ 'src/common/predicates.ts', 420, 438 ]
714 silly gunzTarPerm extractEntry src/common/queue.ts
715 silly gunzTarPerm modified mode [ 'src/common/queue.ts', 420, 438 ]
716 silly gunzTarPerm extractEntry src/common/strings.ts
717 silly gunzTarPerm modified mode [ 'src/common/strings.ts', 420, 438 ]
718 silly gunzTarPerm extractEntry src/common/trace.ts
719 silly gunzTarPerm modified mode [ 'src/common/trace.ts', 420, 438 ]
720 silly gunzTarPerm extractEntry src/globals.ts
721 silly gunzTarPerm modified mode [ 'src/globals.ts', 420, 438 ]
722 silly gunzTarPerm extractEntry src/hooks/lazyLoadStates.ts
723 silly gunzTarPerm modified mode [ 'src/hooks/lazyLoadStates.ts', 420, 438 ]
724 silly gunzTarPerm extractEntry src/hooks/onEnterExitRetain.ts
725 silly gunzTarPerm modified mode [ 'src/hooks/onEnterExitRetain.ts', 420, 438 ]
726 silly gunzTarPerm extractEntry src/hooks/redirectTo.ts
727 silly gunzTarPerm modified mode [ 'src/hooks/redirectTo.ts', 420, 438 ]
728 silly gunzTarPerm extractEntry src/hooks/resolve.ts
729 silly gunzTarPerm modified mode [ 'src/hooks/resolve.ts', 420, 438 ]
730 silly gunzTarPerm extractEntry src/hooks/url.ts
731 silly gunzTarPerm modified mode [ 'src/hooks/url.ts', 420, 438 ]
732 silly gunzTarPerm extractEntry src/hooks/views.ts
733 silly gunzTarPerm modified mode [ 'src/hooks/views.ts', 420, 438 ]
734 silly gunzTarPerm extractEntry src/ng1/directives/stateDirectives.ts
735 silly gunzTarPerm modified mode [ 'src/ng1/directives/stateDirectives.ts', 420, 438 ]
736 silly gunzTarPerm extractEntry src/ng1/directives/viewDirective.ts
737 silly gunzTarPerm modified mode [ 'src/ng1/directives/viewDirective.ts', 420, 438 ]
738 silly gunzTarPerm extractEntry src/ng1/interface.ts
739 silly gunzTarPerm modified mode [ 'src/ng1/interface.ts', 420, 438 ]
740 silly gunzTarPerm extractEntry src/ng1/legacy/resolveService.ts
741 silly gunzTarPerm modified mode [ 'src/ng1/legacy/resolveService.ts', 420, 438 ]
742 silly gunzTarPerm extractEntry src/ng1/legacy/stateEvents.ts
743 silly gunzTarPerm modified mode [ 'src/ng1/legacy/stateEvents.ts', 420, 438 ]
744 silly gunzTarPerm extractEntry src/ng1/services.ts
745 silly gunzTarPerm modified mode [ 'src/ng1/services.ts', 420, 438 ]
746 silly gunzTarPerm extractEntry src/ng1/stateFilters.ts
747 silly gunzTarPerm modified mode [ 'src/ng1/stateFilters.ts', 420, 438 ]
748 silly gunzTarPerm extractEntry src/ng1/stateProvider.ts
749 silly gunzTarPerm modified mode [ 'src/ng1/stateProvider.ts', 420, 438 ]
750 silly gunzTarPerm extractEntry src/ng1/statebuilders/onEnterExitRetain.ts
751 silly gunzTarPerm modified mode [ 'src/ng1/statebuilders/onEnterExitRetain.ts', 420, 438 ]
752 silly gunzTarPerm extractEntry src/ng1/statebuilders/views.ts
753 silly gunzTarPerm modified mode [ 'src/ng1/statebuilders/views.ts', 420, 438 ]
754 silly gunzTarPerm extractEntry src/ng1/templateFactory.ts
755 silly gunzTarPerm modified mode [ 'src/ng1/templateFactory.ts', 420, 438 ]
756 silly gunzTarPerm extractEntry src/ng1/viewScroll.ts
757 silly gunzTarPerm modified mode [ 'src/ng1/viewScroll.ts', 420, 438 ]
758 silly gunzTarPerm extractEntry src/ng1.ts
759 silly gunzTarPerm modified mode [ 'src/ng1.ts', 420, 438 ]
760 silly gunzTarPerm extractEntry src/params/interface.ts
761 silly gunzTarPerm modified mode [ 'src/params/interface.ts', 420, 438 ]
762 silly gunzTarPerm extractEntry src/params/module.ts
763 silly gunzTarPerm modified mode [ 'src/params/module.ts', 420, 438 ]
764 silly gunzTarPerm extractEntry src/params/param.ts
765 silly gunzTarPerm modified mode [ 'src/params/param.ts', 420, 438 ]
766 silly gunzTarPerm extractEntry src/params/paramTypes.ts
767 silly gunzTarPerm modified mode [ 'src/params/paramTypes.ts', 420, 438 ]
768 silly gunzTarPerm extractEntry src/params/stateParams.ts
769 silly gunzTarPerm modified mode [ 'src/params/stateParams.ts', 420, 438 ]
770 silly gunzTarPerm extractEntry src/params/type.ts
771 silly gunzTarPerm modified mode [ 'src/params/type.ts', 420, 438 ]
772 silly gunzTarPerm extractEntry src/core.ts
773 silly gunzTarPerm modified mode [ 'src/core.ts', 420, 438 ]
774 silly gunzTarPerm extractEntry src/resolve/interface.ts
775 silly gunzTarPerm modified mode [ 'src/resolve/interface.ts', 420, 438 ]
776 silly gunzTarPerm extractEntry src/resolve/module.ts
777 silly gunzTarPerm modified mode [ 'src/resolve/module.ts', 420, 438 ]
778 silly gunzTarPerm extractEntry src/resolve/resolvable.ts
779 silly gunzTarPerm modified mode [ 'src/resolve/resolvable.ts', 420, 438 ]
780 silly gunzTarPerm extractEntry src/resolve/resolveContext.ts
781 silly gunzTarPerm modified mode [ 'src/resolve/resolveContext.ts', 420, 438 ]
782 silly gunzTarPerm extractEntry src/router.ts
783 silly gunzTarPerm modified mode [ 'src/router.ts', 420, 438 ]
784 silly gunzTarPerm extractEntry src/state/interface.ts
785 silly gunzTarPerm modified mode [ 'src/state/interface.ts', 420, 438 ]
786 silly gunzTarPerm extractEntry src/state/module.ts
787 silly gunzTarPerm modified mode [ 'src/state/module.ts', 420, 438 ]
788 silly gunzTarPerm extractEntry src/state/stateBuilder.ts
789 silly gunzTarPerm modified mode [ 'src/state/stateBuilder.ts', 420, 438 ]
790 silly gunzTarPerm extractEntry src/state/stateMatcher.ts
791 silly gunzTarPerm modified mode [ 'src/state/stateMatcher.ts', 420, 438 ]
792 silly gunzTarPerm extractEntry src/state/stateObject.ts
793 silly gunzTarPerm modified mode [ 'src/state/stateObject.ts', 420, 438 ]
794 silly gunzTarPerm extractEntry src/state/stateQueueManager.ts
795 silly gunzTarPerm modified mode [ 'src/state/stateQueueManager.ts', 420, 438 ]
796 silly gunzTarPerm extractEntry src/state/stateRegistry.ts
797 silly gunzTarPerm modified mode [ 'src/state/stateRegistry.ts', 420, 438 ]
798 silly gunzTarPerm extractEntry src/state/stateService.ts
799 silly gunzTarPerm modified mode [ 'src/state/stateService.ts', 420, 438 ]
800 silly gunzTarPerm extractEntry src/state/targetState.ts
801 silly gunzTarPerm modified mode [ 'src/state/targetState.ts', 420, 438 ]
802 silly gunzTarPerm extractEntry src/transition/hookBuilder.ts
803 silly gunzTarPerm modified mode [ 'src/transition/hookBuilder.ts', 420, 438 ]
804 silly gunzTarPerm extractEntry src/transition/hookRegistry.ts
805 silly gunzTarPerm modified mode [ 'src/transition/hookRegistry.ts', 420, 438 ]
806 silly gunzTarPerm extractEntry src/transition/interface.ts
807 silly gunzTarPerm modified mode [ 'src/transition/interface.ts', 420, 438 ]
808 silly gunzTarPerm extractEntry src/transition/module.ts
809 silly gunzTarPerm modified mode [ 'src/transition/module.ts', 420, 438 ]
810 silly gunzTarPerm extractEntry src/transition/rejectFactory.ts
811 silly gunzTarPerm modified mode [ 'src/transition/rejectFactory.ts', 420, 438 ]
812 silly gunzTarPerm extractEntry src/transition/transition.ts
813 silly gunzTarPerm modified mode [ 'src/transition/transition.ts', 420, 438 ]
814 silly gunzTarPerm extractEntry src/transition/transitionHook.ts
815 silly gunzTarPerm modified mode [ 'src/transition/transitionHook.ts', 420, 438 ]
816 silly gunzTarPerm extractEntry src/transition/transitionService.ts
817 silly gunzTarPerm modified mode [ 'src/transition/transitionService.ts', 420, 438 ]
818 silly gunzTarPerm extractEntry src/url/module.ts
819 silly gunzTarPerm modified mode [ 'src/url/module.ts', 420, 438 ]
820 silly gunzTarPerm extractEntry src/url/urlMatcher.ts
821 silly gunzTarPerm modified mode [ 'src/url/urlMatcher.ts', 420, 438 ]
822 silly gunzTarPerm extractEntry src/url/urlMatcherConfig.ts
823 silly gunzTarPerm modified mode [ 'src/url/urlMatcherConfig.ts', 420, 438 ]
824 silly gunzTarPerm extractEntry src/url/urlMatcherFactory.ts
825 silly gunzTarPerm modified mode [ 'src/url/urlMatcherFactory.ts', 420, 438 ]
826 silly gunzTarPerm extractEntry src/url/urlRouter.ts
827 silly gunzTarPerm modified mode [ 'src/url/urlRouter.ts', 420, 438 ]
828 silly gunzTarPerm extractEntry src/view/interface.ts
829 silly gunzTarPerm modified mode [ 'src/view/interface.ts', 420, 438 ]
830 silly gunzTarPerm extractEntry src/view/module.ts
831 silly gunzTarPerm modified mode [ 'src/view/module.ts', 420, 438 ]
832 silly gunzTarPerm extractEntry src/view/view.ts
833 silly gunzTarPerm modified mode [ 'src/view/view.ts', 420, 438 ]
834 silly gentlyRm C:\Users\KARLO\node_modules\.staging\angular-ui-router-91b35a47\node_modules is being purged
835 verbose gentlyRm don't care about contents; nuking C:\Users\KARLO\node_modules\.staging\angular-ui-router-91b35a47\node_modules
836 silly doParallel preinstall 1
837 silly preinstall angular-ui-router@1.0.0-beta.3 C:\Users\KARLO\node_modules\.staging\angular-ui-router-91b35a47
838 info lifecycle angular-ui-router@1.0.0-beta.3~preinstall: angular-ui-router@1.0.0-beta.3
839 silly lifecycle angular-ui-router@1.0.0-beta.3~preinstall: no script for preinstall, continuing
840 silly doReverseSerial remove 0
841 silly doSerial move 0
842 silly doSerial finalize 1
843 silly finalize C:\Users\KARLO\node_modules\angular-ui-router
844 verbose unlock done using C:\Users\KARLO\AppData\Roaming\npm-cache\_locks\staging-f3e524e210049ee9.lock for C:\Users\KARLO\node_modules\.staging
845 silly rollbackFailedOptional Starting
846 silly rollbackFailedOptional Finishing
847 silly runTopLevelLifecycles Finishing
848 silly install printInstalled
849 warn enoent ENOENT: no such file or directory, open 'C:\Users\KARLO\package.json'
850 verbose enoent ENOENT: no such file or directory, open 'C:\Users\KARLO\package.json'
850 verbose enoent This is most likely not a problem with npm itself
850 verbose enoent and is related to npm not being able to find a file.
851 warn angular-ui-router@1.0.0-beta.3 requires a peer of angular@>1.2 <2.0 but none was installed.
852 verbose If you need help, you may report this error at:
852 verbose     <https://github.com/npm/npm/issues>
853 warn KARLO No description
854 verbose If you need help, you may report this error at:
854 verbose     <https://github.com/npm/npm/issues>
855 warn KARLO No repository field.
856 verbose If you need help, you may report this error at:
856 verbose     <https://github.com/npm/npm/issues>
857 warn KARLO No README data
858 verbose If you need help, you may report this error at:
858 verbose     <https://github.com/npm/npm/issues>
859 warn KARLO No license field.
860 verbose If you need help, you may report this error at:
860 verbose     <https://github.com/npm/npm/issues>
861 verbose stack Error: EPERM: operation not permitted, rename 'C:\Users\KARLO\node_modules\.staging\angular-ui-router-91b35a47' -> 'C:\Users\KARLO\node_modules\angular-ui-router'
861 verbose stack     at destStatted (C:\Program Files\nodejs\node_modules\npm\lib\install\action\finalize.js:25:7)
861 verbose stack     at FSReqWrap.oncomplete (fs.js:123:15)
861 verbose stack
861 verbose stack Error: EPERM: operation not permitted, rename 'C:\Users\KARLO\node_modules\.staging\angular-ui-router-91b35a47' -> 'C:\Users\KARLO\node_modules\angular-ui-router'
861 verbose stack     at Error (native)
862 verbose cwd C:\Users\KARLO\Documents\GitHub\AngularJs\ToDo
863 error Windows_NT 6.1.7601
864 error argv "C:\\Program Files\\nodejs\\node.exe" "C:\\Program Files\\nodejs\\node_modules\\npm\\bin\\npm-cli.js" "install" "--save" "angular-ui-router@next"
865 error node v6.9.1
866 error npm  v3.10.8
867 error path C:\Users\KARLO\node_modules\.staging\angular-ui-router-91b35a47
868 error code EPERM
869 error errno -4048
870 error syscall rename
871 error Error: EPERM: operation not permitted, rename 'C:\Users\KARLO\node_modules\.staging\angular-ui-router-91b35a47' -> 'C:\Users\KARLO\node_modules\angular-ui-router'
871 error     at destStatted (C:\Program Files\nodejs\node_modules\npm\lib\install\action\finalize.js:25:7)
871 error     at FSReqWrap.oncomplete (fs.js:123:15)
871 error
871 error Error: EPERM: operation not permitted, rename 'C:\Users\KARLO\node_modules\.staging\angular-ui-router-91b35a47' -> 'C:\Users\KARLO\node_modules\angular-ui-router'
871 error     at Error (native)
871 error  Error: EPERM: operation not permitted, rename 'C:\Users\KARLO\node_modules\.staging\angular-ui-router-91b35a47' -> 'C:\Users\KARLO\node_modules\angular-ui-router'
871 error     at destStatted (C:\Program Files\nodejs\node_modules\npm\lib\install\action\finalize.js:25:7)
871 error     at FSReqWrap.oncomplete (fs.js:123:15)
871 error
871 error Error: EPERM: operation not permitted, rename 'C:\Users\KARLO\node_modules\.staging\angular-ui-router-91b35a47' -> 'C:\Users\KARLO\node_modules\angular-ui-router'
871 error     at Error (native)
872 error Please try running this command again as root/Administrator.
873 verbose exit [ -4048, true ]
